2020/07/29 08:15:33 Activating news service at=> 2020-07-29 08:15:33.731480674 -0400 EDT m=+0.001436598
2020/07/29 08:15:33 pq: relation "news_srce" does not exist
2020/07/29 08:18:31 Activating news service at=> 2020-07-29 08:18:31.997475535 -0400 EDT m=+0.001433216
2020/07/29 08:18:32 pq: relation "news_srce" does not exist
2020/07/29 08:19:21 Activating news service at=> 2020-07-29 08:19:21.500956799 -0400 EDT m=+0.001551630
2020/07/29 08:19:21 pq: relation "news_srce" does not exist
2020/07/29 11:44:49 Activating news service at=> 2020-07-29 11:44:49.496786716 -0400 EDT m=+0.002193807
2020/07/29 11:44:49 pq: relation "news_srce" does not exist
2020/07/29 11:47:23 Activating news service at=> 2020-07-29 11:47:23.083359364 -0400 EDT m=+0.001526218
2020/07/29 11:47:23 pq: relation "news_srce" does not exist
2020/07/31 18:02:52 Activating news service at=> 2020-07-31 18:02:52.544750913 -0400 EDT m=+0.067826601
2020/07/31 18:03:00 Google AMP Can Go to Hell 2019-12-04T00:00:00Z
2020/07/31 18:03:00 Google AMP Can Go to Hell 2019-12-04T00:00:00Z
2020/07/31 18:03:01 Google AMP Can Go to Hell 2019-12-04T00:00:00Z
2020/07/31 18:03:01 Google AMP Can Go to Hell 2019-12-04T00:00:00Z
2020/07/31 18:03:20 Inside News Handler2
2020/07/31 18:03:25 Google AMP Can Go to Hell 2019-12-04T00:00:00Z
2020/07/31 18:23:47 Activating news service at=> 2020-07-31 18:23:47.270702974 -0400 EDT m=+0.020998088
2020/07/31 18:23:47 pq: relation "news_srce" does not exist
2020/07/31 18:24:54 Activating news service at=> 2020-07-31 18:24:54.906838499 -0400 EDT m=+0.003165950
2020/07/31 18:24:54 pq: relation "news_srce" does not exist
2020/07/31 18:25:19 Activating news service at=> 2020-07-31 18:25:19.238034615 -0400 EDT m=+0.002377720
2020/07/31 18:25:19 pq: relation "news_srce" does not exist
2020/07/31 18:26:39 Activating news service at=> 2020-07-31 18:26:39.473444041 -0400 EDT m=+0.003251486
2020/07/31 18:26:39 pq: relation "news_srce" does not exist
2020/07/31 18:30:42 Activating news service at=> 2020-07-31 18:30:42.219075093 -0400 EDT m=+0.001703504
2020/07/31 18:30:52 Inside News Handler2
2020/07/31 18:30:57 Google AMP Can Go to Hell 2019-12-04T00:00:00Z
2020/07/31 18:35:17 Activating news service at=> 2020-07-31 18:35:17.936803217 -0400 EDT m=+0.002271027
2020/07/31 18:35:17 pq: relation "news_srce" does not exist
2020/07/31 18:35:58 Activating news service at=> 2020-07-31 18:35:58.30804744 -0400 EDT m=+0.002040326
2020/07/31 18:35:58 pq: relation "news_srce" does not exist
2020/07/31 18:49:06 Activating news service at=> 2020-07-31 18:49:06.474735 -0400 EDT m=+0.001749971
2020/07/31 18:49:06 pq: relation "news_srce" does not exist
2020/07/31 18:50:35 Activating news service at=> 2020-07-31 18:50:35.463737752 -0400 EDT m=+0.039057590
2020/07/31 18:50:35 pq: relation "news_srce" does not exist
2020/07/31 19:37:47 Activating news service at=> 2020-07-31 19:37:47.056656893 -0400 EDT m=+0.041910420
2020/07/31 19:37:47 pq: relation "news_srce" does not exist
2020/07/31 19:38:10 Activating news service at=> 2020-07-31 19:38:10.146538107 -0400 EDT m=+0.050134689
2020/07/31 19:38:10 dial tcp 127.0.0.1:54320: connect: connection refused
2020/07/31 19:40:51 Activating news service at=> 2020-07-31 19:40:51.317232946 -0400 EDT m=+0.037345066
2020/07/31 19:40:51 pq: relation "news_srce" does not exist
2020/07/31 19:42:18 Activating news service at=> 2020-07-31 19:42:18.386118242 -0400 EDT m=+0.040067340
2020/07/31 19:42:18 pq: relation "news_srce" does not exist
2020/07/31 19:44:35 Activating news service at=> 2020-07-31 19:44:35.003457073 -0400 EDT m=+0.040241227
2020/07/31 19:44:35 pq: relation "news_srce" does not exist
2020/08/02 07:21:45 Activating news service at=> 2020-08-02 07:21:45.271145609 -0400 EDT m=+0.088320377
2020/08/02 07:21:45 pq: relation "news_srce" does not exist
2020/08/02 07:23:32 Activating news service at=> 2020-08-02 07:23:32.742825755 -0400 EDT m=+0.038397234
2020/08/02 07:23:32 pq: relation "news_srce" does not exist
2020/08/02 07:24:38 Activating news service at=> 2020-08-02 07:24:38.889841402 -0400 EDT m=+0.042606937
2020/08/02 07:24:38 pq: relation "news_srce" does not exist
2020/08/02 12:07:17 Activating news service at=> 2020-08-02 12:07:17.71543079 -0400 EDT m=+0.039664329
2020/08/02 12:07:17 pq: relation "news_srce" does not exist
2020/08/02 12:11:25 Activating news service at=> 2020-08-02 12:11:25.383459101 -0400 EDT m=+0.040014283
2020/08/02 12:11:41 Google AMP Can Go to Hell 2019-12-04T00:00:00Z
2020/08/02 12:11:41 Google AMP Can Go to Hell 2019-12-04T00:00:00Z
2020/08/02 12:11:45 Inside News Handler2
2020/08/02 12:11:50 Google AMP Can Go to Hell 2019-12-04T00:00:00Z
2020/08/02 12:13:01 Inside News Handler2
2020/08/02 12:13:06 Google AMP Can Go to Hell 2019-12-04T00:00:00Z
2020/08/02 12:14:36 Activating news service at=> 2020-08-02 12:14:36.078611665 -0400 EDT m=+0.042066242
2020/08/02 12:14:36 Activating news service at=> 2020-08-02 12:14:36.078857044 -0400 EDT m=+0.041416620
2020/08/02 12:15:12 Inside News Handler2
2020/08/02 12:15:12 stat /home/ajay/pasha/templates/news.html: no such file or directory
2020/08/02 12:15:46 Activating news service at=> 2020-08-02 12:15:46.885469374 -0400 EDT m=+0.039024938
2020/08/02 12:15:51 Inside News Handler2
2020/08/02 12:15:51 stat /home/ajay/pasha/templates/news.html: no such file or directory
